\BOOKMARK [0][-]{chapter.1}{1 Zielbestimmung}{}% 1
\BOOKMARK [1][-]{section.1.1}{1.1 Musskriterien}{chapter.1}% 2
\BOOKMARK [1][-]{section.1.2}{1.2 Wunschkriterien}{chapter.1}% 3
\BOOKMARK [1][-]{section.1.3}{1.3 Abgrenzungskriterien}{chapter.1}% 4
\BOOKMARK [0][-]{chapter.2}{2 Produkteinsatz}{}% 5
\BOOKMARK [1][-]{section.2.1}{2.1 Anwendungsbereiche}{chapter.2}% 6
\BOOKMARK [1][-]{section.2.2}{2.2 Zielgruppen}{chapter.2}% 7
\BOOKMARK [1][-]{section.2.3}{2.3 Betriebsbedingungen}{chapter.2}% 8
\BOOKMARK [2][-]{subsection.2.3.1}{2.3.1 Physikalische Umgebung}{section.2.3}% 9
\BOOKMARK [2][-]{subsection.2.3.2}{2.3.2 T\344gliche Betriebszeit}{section.2.3}% 10
\BOOKMARK [0][-]{chapter.3}{3 Produktumgebung}{}% 11
\BOOKMARK [1][-]{section.3.1}{3.1 Software}{chapter.3}% 12
\BOOKMARK [1][-]{section.3.2}{3.2 Hardware}{chapter.3}% 13
\BOOKMARK [1][-]{section.3.3}{3.3 Orgware}{chapter.3}% 14
\BOOKMARK [1][-]{section.3.4}{3.4 Produktschnittstellen}{chapter.3}% 15
\BOOKMARK [0][-]{chapter.4}{4 Funktionale Anforderungen}{}% 16
\BOOKMARK [1][-]{section.4.1}{4.1 Client}{chapter.4}% 17
\BOOKMARK [2][-]{subsection.4.1.1}{4.1.1 Allgemein}{section.4.1}% 18
\BOOKMARK [2][-]{subsection.4.1.2}{4.1.2 User Interface}{section.4.1}% 19
\BOOKMARK [1][-]{section.4.2}{4.2 Server}{chapter.4}% 20
\BOOKMARK [0][-]{chapter.5}{5 Produktdaten}{}% 21
\BOOKMARK [1][-]{section.5.1}{5.1 Benutzerdaten}{chapter.5}% 22
\BOOKMARK [1][-]{section.5.2}{5.2 Gruppendaten}{chapter.5}% 23
\BOOKMARK [1][-]{section.5.3}{5.3 Mensadaten}{chapter.5}% 24
\BOOKMARK [0][-]{chapter.6}{6 Nichtfunktionale Anforderungen}{}% 25
\BOOKMARK [0][-]{chapter.7}{7 Globale Testf\344lle}{}% 26
\BOOKMARK [0][-]{chapter.8}{8 Systemmodelle}{}% 27
\BOOKMARK [1][-]{section.8.1}{8.1 Anwendungsfalldiagramm}{chapter.8}% 28
\BOOKMARK [0][-]{chapter.9}{9 Glossar}{}% 29
