<<<<<<< HEAD
This is pdfTeX, Version 3.14159265-2.6-1.40.20 (TeX Live 2019) (preloaded format=pdflatex 2019.5.21)  2 JUN 2019 12:01
=======
This is pdfTeX, Version 3.14159265-2.6-1.40.16 (TeX Live 2015) (preloaded format=pdflatex 2016.5.21)  2 JUN 2019 11:48
>>>>>>> 71d5d9b23bee8a3319d2f2623d5af540f09f4d4c
entering extended mode
 restricted \write18 enabled.
 file:line:error style messages enabled.
 %&-line parsing enabled.
**Pflichtenheft.tex
(./Pflichtenheft.tex
LaTeX2e <2018-12-01>
(/usr/local/texlive/2019/texmf-dist/tex/latex/koma-script/scrreprt.cls
Document Class: scrreprt 2019/02/01 v3.26b KOMA-Script document class (report)
(/usr/local/texlive/2019/texmf-dist/tex/latex/koma-script/scrkbase.sty
Package: scrkbase 2019/02/01 v3.26b KOMA-Script package (KOMA-Script-dependent 
basics and keyval usage)

(/usr/local/texlive/2019/texmf-dist/tex/latex/koma-script/scrbase.sty
Package: scrbase 2019/02/01 v3.26b KOMA-Script package (KOMA-Script-independent
 basics and keyval usage)

(/usr/local/texlive/2019/texmf-dist/tex/latex/graphics/keyval.sty
Package: keyval 2014/10/28 v1.15 key=value parser (DPC)
\KV@toks@=\toks14
)
(/usr/local/texlive/2019/texmf-dist/tex/latex/koma-script/scrlfile.sty
Package: scrlfile 2019/02/01 v3.26b KOMA-Script package (loading files)
)))
(/usr/local/texlive/2019/texmf-dist/tex/latex/koma-script/tocbasic.sty
Package: tocbasic 2019/02/01 v3.26b KOMA-Script package (handling toc-files)
\scr@dte@tocline@numberwidth=\skip41
\scr@dte@tocline@numbox=\box27
)
Package tocbasic Info: omitting babel extension for `toc'
(tocbasic)             because of feature `nobabel' available
(tocbasic)             for `toc' on input line 136.
Class scrreprt Info: File `scrsize11pt.clo' used instead of
(scrreprt)           file `scrsize11.clo' to setup font sizes on input line 237
3.

(/usr/local/texlive/2019/texmf-dist/tex/latex/koma-script/scrsize11pt.clo
File: scrsize11pt.clo 2019/02/01 v3.26b KOMA-Script font size class option (11p
t)
)
(/usr/local/texlive/2019/texmf-dist/tex/latex/koma-script/typearea.sty
Package: typearea 2019/02/01 v3.26b KOMA-Script package (type area)
\ta@bcor=\skip42
\ta@div=\count80
Package typearea Info: You've used standard option `a4paper'.
(typearea)             This is correct!
(typearea)             Internally I'm using `paper=a4'.
(typearea)             If you'd like to set the option with \KOMAoptions,
(typearea)             you'd have to use `paper=a4' there
(typearea)             instead of `a4paper', too.
\ta@hblk=\skip43
\ta@vblk=\skip44
\ta@temp=\skip45
\footheight=\skip46
Package typearea Info: These are the values describing the layout:
(typearea)             DIV  = 10
(typearea)             BCOR = 0.0pt
(typearea)             \paperwidth      = 597.50793pt
(typearea)              \textwidth      = 418.25555pt
(typearea)              DIV departure   = -6%
(typearea)              \evensidemargin = 17.3562pt
(typearea)              \oddsidemargin  = 17.3562pt
(typearea)             \paperheight     = 845.04694pt
(typearea)              \textheight     = 595.80026pt
(typearea)              \topmargin      = -25.16531pt
(typearea)              \headheight     = 17.0pt
(typearea)              \headsep        = 20.40001pt
(typearea)              \topskip        = 11.0pt
(typearea)              \footskip       = 47.6pt
(typearea)              \baselineskip   = 13.6pt
(typearea)              on input line 1715.
)
\c@part=\count81
\c@chapter=\count82
\c@section=\count83
\c@subsection=\count84
\c@subsubsection=\count85
\c@paragraph=\count86
\c@subparagraph=\count87
\scr@dte@chapter@maxnumwidth=\skip47
Class scrreprt Info: using compatibility default `afterindent=bysign'
(scrreprt)           for `\chapter on input line 5305.
\scr@dte@section@maxnumwidth=\skip48
Class scrreprt Info: using compatibility default `runin=bysign'
(scrreprt)           for `\section on input line 5315.
Class scrreprt Info: using compatibility default `afterindent=bysign'
(scrreprt)           for `\section on input line 5315.
\scr@dte@part@maxnumwidth=\skip49
Class scrreprt Info: using compatibility default `afterindent=true'
(scrreprt)           for `\part on input line 5324.
\scr@dte@subsection@maxnumwidth=\skip50
Class scrreprt Info: using compatibility default `runin=bysign'
(scrreprt)           for `\subsection on input line 5334.
Class scrreprt Info: using compatibility default `afterindent=bysign'
(scrreprt)           for `\subsection on input line 5334.
\scr@dte@subsubsection@maxnumwidth=\skip51
Class scrreprt Info: using compatibility default `runin=bysign'
(scrreprt)           for `\subsubsection on input line 5344.
Class scrreprt Info: using compatibility default `afterindent=bysign'
(scrreprt)           for `\subsubsection on input line 5344.
\scr@dte@paragraph@maxnumwidth=\skip52
Class scrreprt Info: using compatibility default `runin=bysign'
(scrreprt)           for `\paragraph on input line 5354.
Class scrreprt Info: using compatibility default `afterindent=bysign'
(scrreprt)           for `\paragraph on input line 5354.
\scr@dte@subparagraph@maxnumwidth=\skip53
Class scrreprt Info: using compatibility default `runin=bysign'
(scrreprt)           for `\subparagraph on input line 5364.
Class scrreprt Info: using compatibility default `afterindent=bysign'
(scrreprt)           for `\subparagraph on input line 5364.
\abovecaptionskip=\skip54
\belowcaptionskip=\skip55
\c@pti@nb@sid@b@x=\box28
Package tocbasic Info: omitting babel extension for `lof'
(tocbasic)             because of feature `nobabel' available
(tocbasic)             for `lof' on input line 6613.
\scr@dte@figure@maxnumwidth=\skip56
\c@figure=\count88
Package tocbasic Info: omitting babel extension for `lot'
(tocbasic)             because of feature `nobabel' available
(tocbasic)             for `lot' on input line 6630.
\scr@dte@table@maxnumwidth=\skip57
\c@table=\count89
Class scrreprt Info: Redefining `\numberline' on input line 6799.
\bibindent=\dimen102
)
(/usr/local/texlive/2019/texmf-dist/tex/generic/babel/babel.sty
Package: babel 2019/05/04 3.31 The Babel package

(/usr/local/texlive/2019/texmf-dist/tex/generic/babel/switch.def
File: switch.def 2019/05/04 3.31 Babel switching mechanism
)
(/usr/local/texlive/2019/texmf-dist/tex/generic/babel-german/german.ldf
Language: german 2018/12/08 v2.11 German support for babel (pre-1996 orthograph
y)

(/usr/local/texlive/2019/texmf-dist/tex/generic/babel-german/germanb.ldf
Language: germanb 2018/12/08 v2.11 German support for babel (pre-1996 orthograp
hy)

(/usr/local/texlive/2019/texmf-dist/tex/generic/babel/babel.def
File: babel.def 2019/05/04 3.31 Babel common definitions
\babel@savecnt=\count90
\U@D=\dimen103

(/usr/local/texlive/2019/texmf-dist/tex/generic/babel/txtbabel.def)
\bbl@dirlevel=\count91
)
Package babel Info: Making " an active character on input line 135.
)))
(/usr/local/texlive/2019/texmf-dist/tex/latex/base/inputenc.sty
Package: inputenc 2018/08/11 v1.3c Input encoding file
\inpenc@prehook=\toks15
\inpenc@posthook=\toks16
)
(/usr/local/texlive/2019/texmf-dist/tex/latex/base/fontenc.sty
Package: fontenc 2018/08/11 v2.0j Standard LaTeX package

(/usr/local/texlive/2019/texmf-dist/tex/latex/base/t1enc.def
File: t1enc.def 2018/08/11 v2.0j Standard LaTeX file
LaTeX Font Info:    Redeclaring font encoding T1 on input line 48.
))
(/usr/local/texlive/2019/texmf-dist/tex/latex/ae/ae.sty
Package: ae 2001/02/12 1.3 Almost European Computer Modern

(/usr/local/texlive/2019/texmf-dist/tex/latex/base/fontenc.sty
Package: fontenc 2018/08/11 v2.0j Standard LaTeX package

(/usr/local/texlive/2019/texmf-dist/tex/latex/base/t1enc.def
File: t1enc.def 2018/08/11 v2.0j Standard LaTeX file
LaTeX Font Info:    Redeclaring font encoding T1 on input line 48.
)
LaTeX Font Info:    Try loading font information for T1+aer on input line 105.

(/usr/local/texlive/2019/texmf-dist/tex/latex/ae/t1aer.fd
File: t1aer.fd 1997/11/16 Font definitions for T1/aer.
)))
(/usr/local/texlive/2019/texmf-dist/tex/latex/hyperref/hyperref.sty
Package: hyperref 2018/11/30 v6.88e Hypertext links for LaTeX

(/usr/local/texlive/2019/texmf-dist/tex/generic/oberdiek/hobsub-hyperref.sty
Package: hobsub-hyperref 2016/05/16 v1.14 Bundle oberdiek, subset hyperref (HO)


(/usr/local/texlive/2019/texmf-dist/tex/generic/oberdiek/hobsub-generic.sty
Package: hobsub-generic 2016/05/16 v1.14 Bundle oberdiek, subset generic (HO)
Package: hobsub 2016/05/16 v1.14 Construct package bundles (HO)
Package: infwarerr 2016/05/16 v1.4 Providing info/warning/error messages (HO)
Package: ltxcmds 2016/05/16 v1.23 LaTeX kernel commands for general use (HO)
Package: ifluatex 2016/05/16 v1.4 Provides the ifluatex switch (HO)
Package ifluatex Info: LuaTeX not detected.
Package: ifvtex 2016/05/16 v1.6 Detect VTeX and its facilities (HO)
Package ifvtex Info: VTeX not detected.
Package: intcalc 2016/05/16 v1.2 Expandable calculations with integers (HO)
Package: ifpdf 2018/09/07 v3.3 Provides the ifpdf switch
Package: etexcmds 2016/05/16 v1.6 Avoid name clashes with e-TeX commands (HO)
Package: kvsetkeys 2016/05/16 v1.17 Key value parser (HO)
Package: kvdefinekeys 2016/05/16 v1.4 Define keys (HO)
Package: pdftexcmds 2018/09/10 v0.29 Utility functions of pdfTeX for LuaTeX (HO
)
Package pdftexcmds Info: LuaTeX not detected.
Package pdftexcmds Info: \pdf@primitive is available.
Package pdftexcmds Info: \pdf@ifprimitive is available.
Package pdftexcmds Info: \pdfdraftmode found.
Package: pdfescape 2016/05/16 v1.14 Implements pdfTeX's escape features (HO)
Package: bigintcalc 2016/05/16 v1.4 Expandable calculations on big integers (HO
)
Package: bitset 2016/05/16 v1.2 Handle bit-vector datatype (HO)
Package: uniquecounter 2016/05/16 v1.3 Provide unlimited unique counter (HO)
)
Package hobsub Info: Skipping package `hobsub' (already loaded).
Package: letltxmacro 2016/05/16 v1.5 Let assignment for LaTeX macros (HO)
Package: hopatch 2016/05/16 v1.3 Wrapper for package hooks (HO)
Package: xcolor-patch 2016/05/16 xcolor patch
Package: atveryend 2016/05/16 v1.9 Hooks at the very end of document (HO)
Package atveryend Info: \enddocument detected (standard20110627).
Package: atbegshi 2016/06/09 v1.18 At begin shipout hook (HO)
Package: refcount 2016/05/16 v3.5 Data extraction from label references (HO)
Package: hycolor 2016/05/16 v1.8 Color options for hyperref/bookmark (HO)
)
(/usr/local/texlive/2019/texmf-dist/tex/generic/ifxetex/ifxetex.sty
Package: ifxetex 2010/09/12 v0.6 Provides ifxetex conditional
)
(/usr/local/texlive/2019/texmf-dist/tex/latex/oberdiek/auxhook.sty
Package: auxhook 2016/05/16 v1.4 Hooks for auxiliary files (HO)
)
(/usr/local/texlive/2019/texmf-dist/tex/latex/oberdiek/kvoptions.sty
Package: kvoptions 2016/05/16 v3.12 Key value format for package options (HO)
)
\@linkdim=\dimen104
\Hy@linkcounter=\count92
\Hy@pagecounter=\count93

(/usr/local/texlive/2019/texmf-dist/tex/latex/hyperref/pd1enc.def
File: pd1enc.def 2018/11/30 v6.88e Hyperref: PDFDocEncoding definition (HO)
Now handling font encoding PD1 ...
... no UTF-8 mapping file for font encoding PD1
)
\Hy@SavedSpaceFactor=\count94

(/usr/local/texlive/2019/texmf-dist/tex/latex/latexconfig/hyperref.cfg
File: hyperref.cfg 2002/06/06 v1.2 hyperref configuration of TeXLive
)
Package hyperref Info: Option `bookmarks' set `true' on input line 4393.
Package hyperref Info: Option `bookmarksnumbered' set `true' on input line 4393
.
Package hyperref Info: Hyper figures OFF on input line 4519.
Package hyperref Info: Link nesting OFF on input line 4524.
Package hyperref Info: Hyper index ON on input line 4527.
Package hyperref Info: Plain pages OFF on input line 4534.
Package hyperref Info: Backreferencing OFF on input line 4539.
Package hyperref Info: Implicit mode ON; LaTeX internals redefined.
Package hyperref Info: Bookmarks ON on input line 4772.
\c@Hy@tempcnt=\count95

(/usr/local/texlive/2019/texmf-dist/tex/latex/url/url.sty
\Urlmuskip=\muskip10
Package: url 2013/09/16  ver 3.4  Verb mode for urls, etc.
)
LaTeX Info: Redefining \url on input line 5125.
\XeTeXLinkMargin=\dimen105
\Fld@menulength=\count96
\Field@Width=\dimen106
\Fld@charsize=\dimen107
Package hyperref Info: Hyper figures OFF on input line 6380.
Package hyperref Info: Link nesting OFF on input line 6385.
Package hyperref Info: Hyper index ON on input line 6388.
Package hyperref Info: backreferencing OFF on input line 6395.
Package hyperref Info: Link coloring OFF on input line 6400.
Package hyperref Info: Link coloring with OCG OFF on input line 6405.
Package hyperref Info: PDF/A mode OFF on input line 6410.
LaTeX Info: Redefining \ref on input line 6450.
LaTeX Info: Redefining \pageref on input line 6454.
\Hy@abspage=\count97
\c@Item=\count98
\c@Hfootnote=\count99
)
Package hyperref Info: Driver (autodetected): hpdftex.

(/usr/local/texlive/2019/texmf-dist/tex/latex/hyperref/hpdftex.def
File: hpdftex.def 2018/11/30 v6.88e Hyperref driver for pdfTeX
\Fld@listcount=\count100
\c@bookmark@seq@number=\count101

(/usr/local/texlive/2019/texmf-dist/tex/latex/oberdiek/rerunfilecheck.sty
Package: rerunfilecheck 2016/05/16 v1.8 Rerun checks for auxiliary files (HO)
Package uniquecounter Info: New unique counter `rerunfilecheck' on input line 2
82.
)
\Hy@SectionHShift=\skip58
)
(/usr/local/texlive/2019/texmf-dist/tex/latex/graphics/graphicx.sty
Package: graphicx 2017/06/01 v1.1a Enhanced LaTeX Graphics (DPC,SPQR)

(/usr/local/texlive/2019/texmf-dist/tex/latex/graphics/graphics.sty
Package: graphics 2017/06/25 v1.2c Standard LaTeX Graphics (DPC,SPQR)

(/usr/local/texlive/2019/texmf-dist/tex/latex/graphics/trig.sty
Package: trig 2016/01/03 v1.10 sin cos tan (DPC)
)
(/usr/local/texlive/2019/texmf-dist/tex/latex/graphics-cfg/graphics.cfg
File: graphics.cfg 2016/06/04 v1.11 sample graphics configuration
)
Package graphics Info: Driver file: pdftex.def on input line 99.

(/usr/local/texlive/2019/texmf-dist/tex/latex/graphics-def/pdftex.def
File: pdftex.def 2018/01/08 v1.0l Graphics/color driver for pdftex
))
\Gin@req@height=\dimen108
\Gin@req@width=\dimen109
)
(./Pflichtenheft.aux)
\openout1 = `Pflichtenheft.aux'.

LaTeX Font Info:    Checking defaults for OML/cmm/m/it on input line 10.
LaTeX Font Info:    ... okay on input line 10.
LaTeX Font Info:    Checking defaults for T1/cmr/m/n on input line 10.
LaTeX Font Info:    ... okay on input line 10.
LaTeX Font Info:    Checking defaults for OT1/cmr/m/n on input line 10.
LaTeX Font Info:    ... okay on input line 10.
LaTeX Font Info:    Checking defaults for OMS/cmsy/m/n on input line 10.
LaTeX Font Info:    ... okay on input line 10.
LaTeX Font Info:    Checking defaults for OMX/cmex/m/n on input line 10.
LaTeX Font Info:    ... okay on input line 10.
LaTeX Font Info:    Checking defaults for U/cmr/m/n on input line 10.
LaTeX Font Info:    ... okay on input line 10.
LaTeX Font Info:    Checking defaults for PD1/pdf/m/n on input line 10.
LaTeX Font Info:    ... okay on input line 10.
\AtBeginShipoutBox=\box29
Package hyperref Info: Link coloring OFF on input line 10.

(/usr/local/texlive/2019/texmf-dist/tex/latex/hyperref/nameref.sty
Package: nameref 2016/05/21 v2.44 Cross-referencing by name of section

(/usr/local/texlive/2019/texmf-dist/tex/generic/oberdiek/gettitlestring.sty
Package: gettitlestring 2016/05/16 v1.5 Cleanup title references (HO)
)
\c@section@level=\count102
)
LaTeX Info: Redefining \ref on input line 10.
LaTeX Info: Redefining \pageref on input line 10.
LaTeX Info: Redefining \nameref on input line 10.

(./Pflichtenheft.out) (./Pflichtenheft.out)
\@outlinefile=\write3
\openout3 = `Pflichtenheft.out'.

Class scrreprt Info: loading recommended package `bookmark'.
(scrreprt)           Using `bookmark' together with `hyperref' is recommended,
(scrreprt)           because of handling of possible bookmark level gaps.
(scrreprt)           You can avoid loading `bookmark' with KOMA-Script option
(scrreprt)           `bookmarkpackage=false' before \begin{document} and
(scrreprt)           you can avoid this message with `\usepackage{bookmark}'
(scrreprt)           before \begin{document} on input line 10.

(/usr/local/texlive/2019/texmf-dist/tex/latex/oberdiek/bookmark.sty
Package: bookmark 2016/05/17 v1.26 PDF bookmarks (HO)

(/usr/local/texlive/2019/texmf-dist/tex/latex/oberdiek/bkm-pdftex.def
File: bkm-pdftex.def 2016/05/17 v1.26 bookmark driver for pdfTeX (HO)
Package auxhook Info: \AddLineBeginMainAux comes a little late,
(auxhook)             because the main .aux file is already opened on input lin
e 164.
\BKM@id=\count103
))
(/usr/local/texlive/2019/texmf-dist/tex/context/base/mkii/supp-pdf.mkii
[Loading MPS to PDF converter (version 2006.09.02).]
\scratchcounter=\count104
\scratchdimen=\dimen110
\scratchbox=\box30
\nofMPsegments=\count105
\nofMParguments=\count106
\everyMPshowfont=\toks17
\MPscratchCnt=\count107
\MPscratchDim=\dimen111
\MPnumerator=\count108
\makeMPintoPDFobject=\count109
\everyMPtoPDFconversion=\toks18
) (/usr/local/texlive/2019/texmf-dist/tex/latex/oberdiek/epstopdf-base.sty
Package: epstopdf-base 2016/05/15 v2.6 Base part for package epstopdf

(/usr/local/texlive/2019/texmf-dist/tex/latex/oberdiek/grfext.sty
Package: grfext 2016/05/16 v1.2 Manage graphics extensions (HO)
)
Package epstopdf-base Info: Redefining graphics rule for `.eps' on input line 4
38.
Package grfext Info: Graphics extension search list:
(grfext)             [.pdf,.png,.jpg,.mps,.jpeg,.jbig2,.jb2,.PDF,.PNG,.JPG,.JPE
G,.JBIG2,.JB2,.eps]
(grfext)             \AppendGraphicsExtensions on input line 456.

(/usr/local/texlive/2019/texmf-dist/tex/latex/latexconfig/epstopdf-sys.cfg
File: epstopdf-sys.cfg 2010/07/13 v1.3 Configuration of (r)epstopdf for TeX Liv
e
))
LaTeX Font Info:    Try loading font information for T1+aess on input line 15.

(/usr/local/texlive/2019/texmf-dist/tex/latex/ae/t1aess.fd
File: t1aess.fd 1997/11/16 Font definitions for T1/aess.
)
LaTeX Font Info:    External font `cmex10' loaded for size
(Font)              <14.4> on input line 15.
LaTeX Font Info:    External font `cmex10' loaded for size
(Font)              <7> on input line 15.


LaTeX Warning: No \author given.

[1



{/usr/local/texlive/2019/texmf-var/fonts/map/pdftex/updmap/pdftex.map}]
(./Pflichtenheft.toc
LaTeX Font Info:    External font `cmex10' loaded for size
(Font)              <10.95> on input line 3.
LaTeX Font Info:    External font `cmex10' loaded for size
(Font)              <8> on input line 3.
LaTeX Font Info:    External font `cmex10' loaded for size
(Font)              <6> on input line 3.
)
\tf@toc=\write4
\openout4 = `Pflichtenheft.toc'.

 [2

]
<<<<<<< HEAD
chapter 1.

Overfull \hbox (13.3332pt too wide) in paragraph at lines 25--34
[]\T1/aer/bx/n/10.95 /MK10/ \T1/aer/m/n/10.95 Er-stel-len und Be-ar-bei-ten ei-
nes per-sön-li-chen Pro-fils (Nut-zer-na-me(eindeutig),
 []


Underfull \hbox (badness 10000) in paragraph at lines 25--34

 []


Underfull \hbox (badness 10000) in paragraph at lines 39--49

 []

[3

=======
Kapitel 1.
Package babel Info: Redefining german shorthand "f
(babel)             in language append on input line 19.
Package babel Info: Redefining german shorthand "|
(babel)             in language append on input line 19.
Package babel Info: Redefining german shorthand "~
(babel)             in language append on input line 19.
Package babel Info: Redefining german shorthand "f
(babel)             in language append on input line 22.
Package babel Info: Redefining german shorthand "|
(babel)             in language append on input line 22.
Package babel Info: Redefining german shorthand "~
(babel)             in language append on input line 22.

Overfull \hbox (13.3332pt too wide) in paragraph at lines 25--34
[]\T1/aer/bx/n/10.95 /MK10/ \T1/aer/m/n/10.95 Er-stel-len und Be-ar-bei-ten ei-
nes per-sön-li-chen Pro-fils (Nut-zer-na-me(eindeutig),
 []


Underfull \hbox (badness 10000) in paragraph at lines 25--34

 []

Package babel Info: Redefining german shorthand "f
(babel)             in language append on input line 36.
Package babel Info: Redefining german shorthand "|
(babel)             in language append on input line 36.
Package babel Info: Redefining german shorthand "~
(babel)             in language append on input line 36.

Underfull \hbox (badness 10000) in paragraph at lines 39--49

 []

Package babel Info: Redefining german shorthand "f
(babel)             in language append on input line 49.
Package babel Info: Redefining german shorthand "|
(babel)             in language append on input line 49.
Package babel Info: Redefining german shorthand "~
(babel)             in language append on input line 49.
Package babel Info: Redefining german shorthand "f
(babel)             in language append on input line 49.
Package babel Info: Redefining german shorthand "|
(babel)             in language append on input line 49.
Package babel Info: Redefining german shorthand "~
(babel)             in language append on input line 49.
[3

>>>>>>> 71d5d9b23bee8a3319d2f2623d5af540f09f4d4c
pdfTeX warning (ext4): destination with the same identifier (name{mk10}) has be
en already used, duplicate ignored

\AtBegShi@Output ...ipout \box \AtBeginShipoutBox 
                                                  \fi \fi 
l.49 \end{addmargin}
                    ]
<<<<<<< HEAD
=======
Package babel Info: Redefining german shorthand "f
(babel)             in language append on input line 51.
Package babel Info: Redefining german shorthand "|
(babel)             in language append on input line 51.
Package babel Info: Redefining german shorthand "~
(babel)             in language append on input line 51.

>>>>>>> 71d5d9b23bee8a3319d2f2623d5af540f09f4d4c
Underfull \hbox (badness 10000) in paragraph at lines 54--58

 []

<<<<<<< HEAD
[4]
chapter 2.
[5

]
chapter 3.
[6

]
chapter 4.
=======
Package babel Info: Redefining german shorthand "f
(babel)             in language append on input line 61.
Package babel Info: Redefining german shorthand "|
(babel)             in language append on input line 61.
Package babel Info: Redefining german shorthand "~
(babel)             in language append on input line 61.
Package babel Info: Redefining german shorthand "f
(babel)             in language append on input line 61.
Package babel Info: Redefining german shorthand "|
(babel)             in language append on input line 61.
Package babel Info: Redefining german shorthand "~
(babel)             in language append on input line 61.
[4]
Kapitel 2.
Package babel Info: Redefining german shorthand "f
(babel)             in language append on input line 61.
Package babel Info: Redefining german shorthand "|
(babel)             in language append on input line 61.
Package babel Info: Redefining german shorthand "~
(babel)             in language append on input line 61.
Package babel Info: Redefining german shorthand "f
(babel)             in language append on input line 65.
Package babel Info: Redefining german shorthand "|
(babel)             in language append on input line 65.
Package babel Info: Redefining german shorthand "~
(babel)             in language append on input line 65.
Package babel Info: Redefining german shorthand "f
(babel)             in language append on input line 68.
Package babel Info: Redefining german shorthand "|
(babel)             in language append on input line 68.
Package babel Info: Redefining german shorthand "~
(babel)             in language append on input line 68.
Package babel Info: Redefining german shorthand "f
(babel)             in language append on input line 71.
Package babel Info: Redefining german shorthand "|
(babel)             in language append on input line 71.
Package babel Info: Redefining german shorthand "~
(babel)             in language append on input line 71.
Package babel Info: Redefining german shorthand "f
(babel)             in language append on input line 72.
Package babel Info: Redefining german shorthand "|
(babel)             in language append on input line 72.
Package babel Info: Redefining german shorthand "~
(babel)             in language append on input line 72.
Package babel Info: Redefining german shorthand "f
(babel)             in language append on input line 75.
Package babel Info: Redefining german shorthand "|
(babel)             in language append on input line 75.
Package babel Info: Redefining german shorthand "~
(babel)             in language append on input line 75.
Package babel Info: Redefining german shorthand "f
(babel)             in language append on input line 78.
Package babel Info: Redefining german shorthand "|
(babel)             in language append on input line 78.
Package babel Info: Redefining german shorthand "~
(babel)             in language append on input line 78.
Package babel Info: Redefining german shorthand "f
(babel)             in language append on input line 78.
Package babel Info: Redefining german shorthand "|
(babel)             in language append on input line 78.
Package babel Info: Redefining german shorthand "~
(babel)             in language append on input line 78.
[5

]
Kapitel 3.
Package babel Info: Redefining german shorthand "f
(babel)             in language append on input line 78.
Package babel Info: Redefining german shorthand "|
(babel)             in language append on input line 78.
Package babel Info: Redefining german shorthand "~
(babel)             in language append on input line 78.
Package babel Info: Redefining german shorthand "f
(babel)             in language append on input line 81.
Package babel Info: Redefining german shorthand "|
(babel)             in language append on input line 81.
Package babel Info: Redefining german shorthand "~
(babel)             in language append on input line 81.
Package babel Info: Redefining german shorthand "f
(babel)             in language append on input line 84.
Package babel Info: Redefining german shorthand "|
(babel)             in language append on input line 84.
Package babel Info: Redefining german shorthand "~
(babel)             in language append on input line 84.
Package babel Info: Redefining german shorthand "f
(babel)             in language append on input line 87.
Package babel Info: Redefining german shorthand "|
(babel)             in language append on input line 87.
Package babel Info: Redefining german shorthand "~
(babel)             in language append on input line 87.
Package babel Info: Redefining german shorthand "f
(babel)             in language append on input line 89.
Package babel Info: Redefining german shorthand "|
(babel)             in language append on input line 89.
Package babel Info: Redefining german shorthand "~
(babel)             in language append on input line 89.
Package babel Info: Redefining german shorthand "f
(babel)             in language append on input line 91.
Package babel Info: Redefining german shorthand "|
(babel)             in language append on input line 91.
Package babel Info: Redefining german shorthand "~
(babel)             in language append on input line 91.
Package babel Info: Redefining german shorthand "f
(babel)             in language append on input line 91.
Package babel Info: Redefining german shorthand "|
(babel)             in language append on input line 91.
Package babel Info: Redefining german shorthand "~
(babel)             in language append on input line 91.
[6

]
Kapitel 4.
Package babel Info: Redefining german shorthand "f
(babel)             in language append on input line 91.
Package babel Info: Redefining german shorthand "|
(babel)             in language append on input line 91.
Package babel Info: Redefining german shorthand "~
(babel)             in language append on input line 91.
Package babel Info: Redefining german shorthand "f
(babel)             in language append on input line 94.
Package babel Info: Redefining german shorthand "|
(babel)             in language append on input line 94.
Package babel Info: Redefining german shorthand "~
(babel)             in language append on input line 94.
Package babel Info: Redefining german shorthand "f
(babel)             in language append on input line 97.
Package babel Info: Redefining german shorthand "|
(babel)             in language append on input line 97.
Package babel Info: Redefining german shorthand "~
(babel)             in language append on input line 97.
>>>>>>> 71d5d9b23bee8a3319d2f2623d5af540f09f4d4c

Underfull \hbox (badness 10000) in paragraph at lines 100--103

 []

<<<<<<< HEAD
=======
Package babel Info: Redefining german shorthand "f
(babel)             in language append on input line 105.
Package babel Info: Redefining german shorthand "|
(babel)             in language append on input line 105.
Package babel Info: Redefining german shorthand "~
(babel)             in language append on input line 105.
>>>>>>> 71d5d9b23bee8a3319d2f2623d5af540f09f4d4c

Underfull \hbox (badness 10000) in paragraph at lines 108--118

 []

<<<<<<< HEAD
=======
Package babel Info: Redefining german shorthand "f
(babel)             in language append on input line 120.
Package babel Info: Redefining german shorthand "|
(babel)             in language append on input line 120.
Package babel Info: Redefining german shorthand "~
(babel)             in language append on input line 120.
>>>>>>> 71d5d9b23bee8a3319d2f2623d5af540f09f4d4c

Underfull \hbox (badness 10000) in paragraph at lines 123--127

 []


Underfull \hbox (badness 10000) in paragraph at lines 128--131

 []

<<<<<<< HEAD
=======
Package babel Info: Redefining german shorthand "f
(babel)             in language append on input line 131.
Package babel Info: Redefining german shorthand "|
(babel)             in language append on input line 131.
Package babel Info: Redefining german shorthand "~
(babel)             in language append on input line 131.
Package babel Info: Redefining german shorthand "f
(babel)             in language append on input line 131.
Package babel Info: Redefining german shorthand "|
(babel)             in language append on input line 131.
Package babel Info: Redefining german shorthand "~
(babel)             in language append on input line 131.
>>>>>>> 71d5d9b23bee8a3319d2f2623d5af540f09f4d4c
[7

]
Underfull \hbox (badness 10000) in paragraph at lines 132--138

 []

<<<<<<< HEAD
[8]
chapter 5.

Underfull \hbox (badness 10000) in paragraph at lines 145--151

 []


Underfull \hbox (badness 10000) in paragraph at lines 158--160

 []


Underfull \hbox (badness 10000) in paragraph at lines 165--166

 []

[9

]
chapter 6.

Underfull \hbox (badness 10000) in paragraph at lines 174--183

 []

[10

]
chapter 7.
=======
Package babel Info: Redefining german shorthand "f
(babel)             in language append on input line 140.
Package babel Info: Redefining german shorthand "|
(babel)             in language append on input line 140.
Package babel Info: Redefining german shorthand "~
(babel)             in language append on input line 140.
Package babel Info: Redefining german shorthand "f
(babel)             in language append on input line 140.
Package babel Info: Redefining german shorthand "|
(babel)             in language append on input line 140.
Package babel Info: Redefining german shorthand "~
(babel)             in language append on input line 140.
[8]
Kapitel 5.
Package babel Info: Redefining german shorthand "f
(babel)             in language append on input line 140.
Package babel Info: Redefining german shorthand "|
(babel)             in language append on input line 140.
Package babel Info: Redefining german shorthand "~
(babel)             in language append on input line 140.
Package babel Info: Redefining german shorthand "f
(babel)             in language append on input line 142.
Package babel Info: Redefining german shorthand "|
(babel)             in language append on input line 142.
Package babel Info: Redefining german shorthand "~
(babel)             in language append on input line 142.

Underfull \hbox (badness 10000) in paragraph at lines 145--150

 []

Package babel Info: Redefining german shorthand "f
(babel)             in language append on input line 152.
Package babel Info: Redefining german shorthand "|
(babel)             in language append on input line 152.
Package babel Info: Redefining german shorthand "~
(babel)             in language append on input line 152.

Underfull \hbox (badness 10000) in paragraph at lines 155--157

 []

Package babel Info: Redefining german shorthand "f
(babel)             in language append on input line 159.
Package babel Info: Redefining german shorthand "|
(babel)             in language append on input line 159.
Package babel Info: Redefining german shorthand "~
(babel)             in language append on input line 159.

Underfull \hbox (badness 10000) in paragraph at lines 162--163

 []

Package babel Info: Redefining german shorthand "f
(babel)             in language append on input line 167.
Package babel Info: Redefining german shorthand "|
(babel)             in language append on input line 167.
Package babel Info: Redefining german shorthand "~
(babel)             in language append on input line 167.
Package babel Info: Redefining german shorthand "f
(babel)             in language append on input line 167.
Package babel Info: Redefining german shorthand "|
(babel)             in language append on input line 167.
Package babel Info: Redefining german shorthand "~
(babel)             in language append on input line 167.
[9

]
Kapitel 6.
Package babel Info: Redefining german shorthand "f
(babel)             in language append on input line 167.
Package babel Info: Redefining german shorthand "|
(babel)             in language append on input line 167.
Package babel Info: Redefining german shorthand "~
(babel)             in language append on input line 167.

Underfull \hbox (badness 10000) in paragraph at lines 171--180

 []

Package babel Info: Redefining german shorthand "f
(babel)             in language append on input line 184.
Package babel Info: Redefining german shorthand "|
(babel)             in language append on input line 184.
Package babel Info: Redefining german shorthand "~
(babel)             in language append on input line 184.
Package babel Info: Redefining german shorthand "f
(babel)             in language append on input line 184.
Package babel Info: Redefining german shorthand "|
(babel)             in language append on input line 184.
Package babel Info: Redefining german shorthand "~
(babel)             in language append on input line 184.
[10

]
Kapitel 7.
Package babel Info: Redefining german shorthand "f
(babel)             in language append on input line 184.
Package babel Info: Redefining german shorthand "|
(babel)             in language append on input line 184.
Package babel Info: Redefining german shorthand "~
(babel)             in language append on input line 184.
>>>>>>> 71d5d9b23bee8a3319d2f2623d5af540f09f4d4c

Underfull \hbox (badness 10000) in paragraph at lines 190--191

 []


Underfull \hbox (badness 10000) in paragraph at lines 192--194

 []


Underfull \hbox (badness 10000) in paragraph at lines 195--197

 []


Underfull \hbox (badness 10000) in paragraph at lines 198--200

 []


Underfull \hbox (badness 10000) in paragraph at lines 201--202

 []


Underfull \hbox (badness 10000) in paragraph at lines 203--206

 []


Underfull \hbox (badness 10000) in paragraph at lines 207--208

 []


Underfull \hbox (badness 10000) in paragraph at lines 209--211

 []

[11

pdfTeX warning (ext4): destination with the same identifier (name{t10}) has bee
n already used, duplicate ignored

\AtBegShi@Output ...ipout \box \AtBeginShipoutBox 
                                                  \fi \fi 
<<<<<<< HEAD
l.217 \chapter
=======
l.214 \chapter
>>>>>>> 71d5d9b23bee8a3319d2f2623d5af540f09f4d4c
              {Systemmodelle}pdfTeX warning (ext4): destination with the same i
dentifier (name{t10}) has been already used, duplicate ignored

\AtBegShi@Output ...ipout \box \AtBeginShipoutBox 
                                                  \fi \fi 
<<<<<<< HEAD
l.217 \chapter
              {Systemmodelle}]
chapter 8.
<userCase.jpg, id=189, 892.33376pt x 755.82375pt>
File: userCase.jpg Graphic file (type jpg)
<use userCase.jpg>
Package pdftex.def Info: userCase.jpg  used on input line 220.
(pdftex.def)             Requested size: 535.40439pt x 453.49774pt.

Overfull \hbox (117.14883pt too wide) in paragraph at lines 220--221
[] 
 []

[12

 <./userCase.jpg>]
chapter 9.
Package atveryend Info: Empty hook `BeforeClearDocument' on input line 229.
[13

]
Package atveryend Info: Empty hook `AfterLastShipout' on input line 229.
 (./Pflichtenheft.aux)
Package atveryend Info: Executing hook `AtVeryEndDocument' on input line 229.
Package atveryend Info: Executing hook `AtEndAfterFileList' on input line 229.
Package rerunfilecheck Info: File `Pflichtenheft.out' has not changed.
(rerunfilecheck)             Checksum: D41D8CD98F00B204E9800998ECF8427E;0.
Package atveryend Info: Empty hook `AtVeryVeryEnd' on input line 229.
 ) 
Here is how much of TeX's memory you used:
 8518 strings out of 492616
 137683 string characters out of 6129481
 357268 words of memory out of 5000000
 12220 multiletter control sequences out of 15000+600000
 26388 words of font info for 57 fonts, out of 8000000 for 9000
 1141 hyphenation exceptions out of 8191
 42i,6n,66p,9092b,497s stack positions out of 5000i,500n,10000p,200000b,80000s
</usr/local/texlive/2019/texmf-dist/fonts/type1/public/amsfonts/cm/cmbx10.pfb
></usr/local/texlive/2019/texmf-dist/fonts/type1/public/amsfonts/cm/cmr10.pfb><
/usr/local/texlive/2019/texmf-dist/fonts/type1/public/amsfonts/cm/cmr12.pfb></u
sr/local/texlive/2019/texmf-dist/fonts/type1/public/amsfonts/cm/cmssbx10.pfb>
Output written on Pflichtenheft.pdf (13 pages, 138660 bytes).
PDF statistics:
 332 PDF objects out of 1000 (max. 8388607)
 307 compressed objects within 4 object streams
 116 named destinations out of 1000 (max. 500000)
=======
l.214 \chapter
              {Systemmodelle}]
Kapitel 8.
Package babel Info: Redefining german shorthand "f
(babel)             in language append on input line 214.
Package babel Info: Redefining german shorthand "|
(babel)             in language append on input line 214.
Package babel Info: Redefining german shorthand "~
(babel)             in language append on input line 214.
Package babel Info: Redefining german shorthand "f
(babel)             in language append on input line 215.
Package babel Info: Redefining german shorthand "|
(babel)             in language append on input line 215.
Package babel Info: Redefining german shorthand "~
(babel)             in language append on input line 215.
<useCase_MensaMeet.jpg, id=273, 1042.89626pt x 777.90625pt>
File: useCase_MensaMeet.jpg Graphic file (type jpg)

<use useCase_MensaMeet.jpg>
Package pdftex.def Info: useCase_MensaMeet.jpg used on input line 218.
(pdftex.def)             Requested size: 521.44685pt x 388.95216pt.

Overfull \hbox (103.1913pt too wide) in paragraph at lines 218--219
 [] 
 []

Package babel Info: Redefining german shorthand "f
(babel)             in language append on input line 221.
Package babel Info: Redefining german shorthand "|
(babel)             in language append on input line 221.
Package babel Info: Redefining german shorthand "~
(babel)             in language append on input line 221.
Package babel Info: Redefining german shorthand "f
(babel)             in language append on input line 221.
Package babel Info: Redefining german shorthand "|
(babel)             in language append on input line 221.
Package babel Info: Redefining german shorthand "~
(babel)             in language append on input line 221.
[12

 <./useCase_MensaMeet.jpg>]
Kapitel 9.
Package babel Info: Redefining german shorthand "f
(babel)             in language append on input line 221.
Package babel Info: Redefining german shorthand "|
(babel)             in language append on input line 221.
Package babel Info: Redefining german shorthand "~
(babel)             in language append on input line 221.
Package atveryend Info: Empty hook `BeforeClearDocument' on input line 227.
Package babel Info: Redefining german shorthand "f
(babel)             in language append on input line 227.
Package babel Info: Redefining german shorthand "|
(babel)             in language append on input line 227.
Package babel Info: Redefining german shorthand "~
(babel)             in language append on input line 227.
Package babel Info: Redefining german shorthand "f
(babel)             in language append on input line 227.
Package babel Info: Redefining german shorthand "|
(babel)             in language append on input line 227.
Package babel Info: Redefining german shorthand "~
(babel)             in language append on input line 227.
[13

]
Package atveryend Info: Empty hook `AfterLastShipout' on input line 227.
 (./Pflichtenheft.aux)
Package atveryend Info: Executing hook `AtVeryEndDocument' on input line 227.
Package atveryend Info: Executing hook `AtEndAfterFileList' on input line 227.
Package rerunfilecheck Info: File `Pflichtenheft.out' has not changed.
(rerunfilecheck)             Checksum: 982B45284F8EDBC157A7ED1F58D0C3F3;1817.
Package atveryend Info: Empty hook `AtVeryVeryEnd' on input line 227.
 ) 
Here is how much of TeX's memory you used:
 7810 strings out of 493089
 118271 string characters out of 6134842
 269116 words of memory out of 5000000
 11079 multiletter control sequences out of 15000+600000
 26388 words of font info for 57 fonts, out of 8000000 for 9000
 1141 hyphenation exceptions out of 8191
 43i,6n,50p,314b,485s stack positions out of 5000i,500n,10000p,200000b,80000s
</usr/local/texlive/2015/texmf-dist/fonts/type1/public/amsfonts/cm/cmbx10.pfb
></usr/local/texlive/2015/texmf-dist/fonts/type1/public/amsfonts/cm/cmr10.pfb><
/usr/local/texlive/2015/texmf-dist/fonts/type1/public/amsfonts/cm/cmr12.pfb></u
sr/local/texlive/2015/texmf-dist/fonts/type1/public/amsfonts/cm/cmssbx10.pfb>
Output written on Pflichtenheft.pdf (13 pages, 158736 bytes).
PDF statistics:
 327 PDF objects out of 1000 (max. 8388607)
 302 compressed objects within 4 object streams
 114 named destinations out of 1000 (max. 500000)
>>>>>>> 71d5d9b23bee8a3319d2f2623d5af540f09f4d4c
 238 words of extra memory for PDF output out of 10000 (max. 10000000)

